<?xml version="1.0" encoding="UTF-8"?>
<testng-results ignored="0" total="1" passed="1" failed="0" skipped="0">
  <reporter-output>
  </reporter-output>
  <suite started-at="2022-03-12T18:32:30 EST" name="Surefire suite" finished-at="2022-03-12T18:32:33 EST" duration-ms="3144">
    <groups>
    </groups>
    <test started-at="2022-03-12T18:32:30 EST" name="Surefire test" finished-at="2022-03-12T18:32:33 EST" duration-ms="3144">
      <class name="org.mir.serializationPlace.AddPlaceTest">
        <test-method signature="createAdd()[pri:0, instance:org.mir.serializationPlace.AddPlaceTest@1fb700ee]" started-at="2022-03-12T18:32:30 EST" name="createAdd" finished-at="2022-03-12T18:32:33 EST" duration-ms="3124" status="PASS">
          <reporter-output>
          </reporter-output>
        </test-method> <!-- createAdd -->
      </class> <!-- org.mir.serializationPlace.AddPlaceTest -->
    </test> <!-- Surefire test -->
  </suite> <!-- Surefire suite -->
</testng-results>
