<?xml version="1.0" encoding="UTF-8"?>
<testng-results ignored="0" total="1" passed="1" failed="0" skipped="0">
  <reporter-output>
  </reporter-output>
  <suite started-at="2022-03-11T14:50:28 EST" name="Default suite" finished-at="2022-03-11T14:50:31 EST" duration-ms="2968">
    <groups>
    </groups>
    <test started-at="2022-03-11T14:50:28 EST" name="Default test" finished-at="2022-03-11T14:50:31 EST" duration-ms="2968">
      <class name="org.mir.serializationPlace.AddPlaceTest">
        <test-method signature="createAdd()[pri:0, instance:org.mir.serializationPlace.AddPlaceTest@1aa7ecca]" started-at="2022-03-11T14:50:28 EST" name="createAdd" finished-at="2022-03-11T14:50:31 EST" duration-ms="2931" status="PASS">
          <reporter-output>
          </reporter-output>
        </test-method> <!-- createAdd -->
      </class> <!-- org.mir.serializationPlace.AddPlaceTest -->
    </test> <!-- Default test -->
  </suite> <!-- Default suite -->
</testng-results>
